<?xml version="1.0" encoding="UTF-8"?>
<!-- Generated by org.testng.reporters.JUnitReportReporter -->
<testsuite skipped="0" hostname="f45c899d4237" name="com.harsha.seleniumPractice.webDriver.testScripts.NavigationPageVerificationTestCases" tests="1" failures="0" timestamp="24 Mar 2018 04:08:15 GMT" time="64.128" errors="0">
  <testcase name="footerPageValidation" time="64.128" classname="com.harsha.seleniumPractice.webDriver.testScripts.NavigationPageVerificationTestCases"/>
</testsuite> <!-- com.harsha.seleniumPractice.webDriver.testScripts.NavigationPageVerificationTestCases -->
