<?xml version="1.0" encoding="UTF-8"?>
<!-- Generated by org.testng.reporters.JUnitReportReporter -->
<testsuite skipped="0" hostname="f45c899d4237" name="com.harsha.seleniumPractice.webDriverCommands.day2.RegistrationTestCases" tests="1" failures="0" timestamp="23 Mar 2018 02:54:39 GMT" time="28.572" errors="0">
  <testcase name="createAccount" time="28.572" classname="com.harsha.seleniumPractice.webDriverCommands.day2.RegistrationTestCases"/>
</testsuite> <!-- com.harsha.seleniumPractice.webDriverCommands.day2.RegistrationTestCases -->
