<?xml version="1.0" encoding="UTF-8"?>
<!-- Generated by org.testng.reporters.JUnitReportReporter -->
<testsuite skipped="0" hostname="f45c899d4237" name="com.harsha.seleniumPractice.webDriver.testScripts.MyAccountPagesVerificationTestCases" tests="1" failures="0" timestamp="24 Mar 2018 03:30:00 GMT" time="30.854" errors="0">
  <testcase name="myAccountPagevalidation" time="30.854" classname="com.harsha.seleniumPractice.webDriver.testScripts.MyAccountPagesVerificationTestCases"/>
</testsuite> <!-- com.harsha.seleniumPractice.webDriver.testScripts.MyAccountPagesVerificationTestCases -->
