<?xml version="1.0" encoding="UTF-8"?>
<!-- Generated by org.testng.reporters.JUnitReportReporter -->
<testsuite skipped="0" hostname="f45c899d4237" name="com.harsha.seleniumPractice.basics.day1.SeleniumBasicsPractice" tests="1" failures="0" timestamp="14 Mar 2018 02:16:17 GMT" time="2.848" errors="0">
  <testcase name="startSelenium" time="2.848" classname="com.harsha.seleniumPractice.basics.day1.SeleniumBasicsPractice"/>
</testsuite> <!-- com.harsha.seleniumPractice.basics.day1.SeleniumBasicsPractice -->
