<?xml version="1.0" encoding="UTF-8"?>
<!-- Generated by org.testng.reporters.JUnitReportReporter -->
<testsuite skipped="0" hostname="f45c899d4237" name="com.harsha.seleniumPractice.webDriverCommands.day2.WebDriverCommands" tests="1" failures="0" timestamp="21 Mar 2018 02:59:51 GMT" time="42.262" errors="0">
  <testcase name="signinToTheApplication" time="42.262" classname="com.harsha.seleniumPractice.webDriverCommands.day2.WebDriverCommands"/>
</testsuite> <!-- com.harsha.seleniumPractice.webDriverCommands.day2.WebDriverCommands -->
